This is an error log file of the game server.
You may use like `tail -f KKUTU_ERROR.log` to watch this.
:8496 [2025-12-28 10:47:33 ├F10: PM┤] ERROR: Error: Cannot find module './games/moqwi'
Require stack:
- C:\Users\kbg51\OneDrive\Desktop\KKuTu\Server\lib\Game\kkutu.js
- C:\Users\kbg51\OneDrive\Desktop\KKuTu\Server\lib\Game\master.js
- C:\Users\kbg51\OneDrive\Desktop\KKuTu\Server\lib\Game\slave.js
- C:\Users\kbg51\OneDrive\Desktop\KKuTu\Server\lib\Game\cluster.js
Error: Cannot find module './games/moqwi'
Require stack:
- C:\Users\kbg51\OneDrive\Desktop\KKuTu\Server\lib\Game\kkutu.js
- C:\Users\kbg51\OneDrive\Desktop\KKuTu\Server\lib\Game\master.js
- C:\Users\kbg51\OneDrive\Desktop\KKuTu\Server\lib\Game\slave.js
- C:\Users\kbg51\OneDrive\Desktop\KKuTu\Server\lib\Game\cluster.js
    at Function.Module._resolveFilename (internal/modules/cjs/loader.js:815:15)
    at Function.Module._load (internal/modules/cjs/loader.js:667:27)
    at Module.require (internal/modules/cjs/loader.js:887:19)
    at require (internal/modules/cjs/helpers.js:74:18)
    at Object.exports.init (C:\Users\kbg51\OneDrive\Desktop\KKuTu\Server\lib\Game\kkutu.js:64:13)
    at Object.MainDB.ready (C:\Users\kbg51\OneDrive\Desktop\KKuTu\Server\lib\Game\slave.js:103:8)
    at PendingItem.callback (C:\Users\kbg51\OneDrive\Desktop\KKuTu\Server\lib\Web\db.js:91:30)
    at BoundPool._acquireClient (C:\Users\kbg51\OneDrive\Desktop\KKuTu\Server\lib\node_modules\pg-pool\index.js:279:21)
    at Client._connectionCallback (C:\Users\kbg51\OneDrive\Desktop\KKuTu\Server\lib\node_modules\pg-pool\index.js:251:21)
    at Client._handleReadyForQuery (C:\Users\kbg51\OneDrive\Desktop\KKuTu\Server\lib\node_modules\pg\lib\client.js:279:14):8496 [2025-12-28 10:47:43 ├F10: PM┤] ERROR: Error: Cannot find module './games/moqwi'
Require stack:
- C:\Users\kbg51\OneDrive\Desktop\KKuTu\Server\lib\Game\kkutu.js
- C:\Users\kbg51\OneDrive\Desktop\KKuTu\Server\lib\Game\master.js
- C:\Users\kbg51\OneDrive\Desktop\KKuTu\Server\lib\Game\slave.js
- C:\Users\kbg51\OneDrive\Desktop\KKuTu\Server\lib\Game\cluster.js
Error: Cannot find module './games/moqwi'
Require stack:
- C:\Users\kbg51\OneDrive\Desktop\KKuTu\Server\lib\Game\kkutu.js
- C:\Users\kbg51\OneDrive\Desktop\KKuTu\Server\lib\Game\master.js
- C:\Users\kbg51\OneDrive\Desktop\KKuTu\Server\lib\Game\slave.js
- C:\Users\kbg51\OneDrive\Desktop\KKuTu\Server\lib\Game\cluster.js
    at Function.Module._resolveFilename (internal/modules/cjs/loader.js:815:15)
    at Function.Module._load (internal/modules/cjs/loader.js:667:27)
    at Module.require (internal/modules/cjs/loader.js:887:19)
    at require (internal/modules/cjs/helpers.js:74:18)
    at Object.exports.init (C:\Users\kbg51\OneDrive\Desktop\KKuTu\Server\lib\Game\kkutu.js:64:13)
    at Object.MainDB.ready (C:\Users\kbg51\OneDrive\Desktop\KKuTu\Server\lib\Game\slave.js:103:8)
    at PendingItem.callback (C:\Users\kbg51\OneDrive\Desktop\KKuTu\Server\lib\Web\db.js:91:30)
    at BoundPool._acquireClient (C:\Users\kbg51\OneDrive\Desktop\KKuTu\Server\lib\node_modules\pg-pool\index.js:279:21)
    at Client._connectionCallback (C:\Users\kbg51\OneDrive\Desktop\KKuTu\Server\lib\node_modules\pg-pool\index.js:251:21)
    at Client._handleReadyForQuery (C:\Users\kbg51\OneDrive\Desktop\KKuTu\Server\lib\node_modules\pg\lib\client.js:279:14):8496 [2025-12-29 6:37:38 ├F10: PM┤] ERROR: ReferenceError: getAuto is not defined
ReferenceError: getAuto is not defined
    at exports.Room.exports.getTitle (C:\Users\kbg51\OneDrive\Desktop\KKuTu\Server\lib\Game\games\typing.js:52:6)
    at exports.Room.my.route.my.routeSync (C:\Users\kbg51\OneDrive\Desktop\KKuTu\Server\lib\Game\kkutu.js:1405:13)
    at exports.Room.my.getTitle (C:\Users\kbg51\OneDrive\Desktop\KKuTu\Server\lib\Game\kkutu.js:1393:13)
    at exports.Room.my.start (C:\Users\kbg51\OneDrive\Desktop\KKuTu\Server\lib\Game\kkutu.js:1192:6)
    at exports.Client.my.practice (C:\Users\kbg51\OneDrive\Desktop\KKuTu\Server\lib\Game\kkutu.js:737:15)
    at Object.KKuTu.onClientMessage (C:\Users\kbg51\OneDrive\Desktop\KKuTu\Server\lib\Game\slave.js:315:7)
    at WebSocket.<anonymous> (C:\Users\kbg51\OneDrive\Desktop\KKuTu\Server\lib\Game\kkutu.js:297:11)
    at WebSocket.emit (events.js:314:20)
    at Receiver._receiver.onmessage (C:\Users\kbg51\OneDrive\Desktop\KKuTu\Server\lib\node_modules\ws\lib\WebSocket.js:143:47)
    at Receiver.dataMessage (C:\Users\kbg51\OneDrive\Desktop\KKuTu\Server\lib\node_modules\ws\lib\Receiver.js:389:14):8496 [2025-12-29 7:38:04 ├F10: PM┤] ERROR: ReferenceError: w is not defined
ReferenceError: w is not defined
    at Object.<anonymous> (C:\Users\kbg51\OneDrive\Desktop\KKuTu\Server\lib\Game\games\classic.js:1:1)
    at Module._compile (internal/modules/cjs/loader.js:999:30)
    at Object.Module._extensions..js (internal/modules/cjs/loader.js:1027:10)
    at Module.load (internal/modules/cjs/loader.js:863:32)
    at Function.Module._load (internal/modules/cjs/loader.js:708:14)
    at Module.require (internal/modules/cjs/loader.js:887:19)
    at require (internal/modules/cjs/helpers.js:74:18)
    at Object.exports.init (C:\Users\kbg51\OneDrive\Desktop\KKuTu\Server\lib\Game\kkutu.js:64:13)
    at Object.MainDB.ready (C:\Users\kbg51\OneDrive\Desktop\KKuTu\Server\lib\Game\slave.js:103:8)
    at PendingItem.callback (C:\Users\kbg51\OneDrive\Desktop\KKuTu\Server\lib\Web\db.js:104:30):8496 [2025-12-29 7:38:14 ├F10: PM┤] ERROR: ReferenceError: w is not defined
ReferenceError: w is not defined
    at Object.<anonymous> (C:\Users\kbg51\OneDrive\Desktop\KKuTu\Server\lib\Game\games\classic.js:1:1)
    at Module._compile (internal/modules/cjs/loader.js:999:30)
    at Object.Module._extensions..js (internal/modules/cjs/loader.js:1027:10)
    at Module.load (internal/modules/cjs/loader.js:863:32)
    at Function.Module._load (internal/modules/cjs/loader.js:708:14)
    at Module.require (internal/modules/cjs/loader.js:887:19)
    at require (internal/modules/cjs/helpers.js:74:18)
    at Object.exports.init (C:\Users\kbg51\OneDrive\Desktop\KKuTu\Server\lib\Game\kkutu.js:64:13)
    at Object.MainDB.ready (C:\Users\kbg51\OneDrive\Desktop\KKuTu\Server\lib\Game\slave.js:103:8)
    at PendingItem.callback (C:\Users\kbg51\OneDrive\Desktop\KKuTu\Server\lib\Web\db.js:104:30):8496 [2025-12-29 7:39:28 ├F10: PM┤] ERROR: ReferenceError: check_word is not defined
ReferenceError: check_word is not defined
    at onDB (C:\Users\kbg51\OneDrive\Desktop\KKuTu\Server\lib\Game\games\classic.js:292:13)
    at callback (C:\Users\kbg51\OneDrive\Desktop\KKuTu\Server\lib\sub\collection.js:316:13)
    at Query.preCB (C:\Users\kbg51\OneDrive\Desktop\KKuTu\Server\lib\sub\collection.js:298:6)
    at Query.handleReadyForQuery (C:\Users\kbg51\OneDrive\Desktop\KKuTu\Server\lib\node_modules\pg\lib\query.js:138:12)
    at Client._handleReadyForQuery (C:\Users\kbg51\OneDrive\Desktop\KKuTu\Server\lib\node_modules\pg\lib\client.js:290:19)
    at Connection.emit (events.js:314:20)
    at C:\Users\kbg51\OneDrive\Desktop\KKuTu\Server\lib\node_modules\pg\lib\connection.js:114:12
    at Parser.parse (C:\Users\kbg51\OneDrive\Desktop\KKuTu\Server\lib\node_modules\pg-protocol\dist\parser.js:40:17)
    at Socket.<anonymous> (C:\Users\kbg51\OneDrive\Desktop\KKuTu\Server\lib\node_modules\pg-protocol\dist\index.js:11:42)
    at Socket.emit (events.js:314:20):8496 [2025-12-29 7:39:37 ├F10: PM┤] ERROR: ReferenceError: opts is not defined
ReferenceError: opts is not defined
    at getRewards (C:\Users\kbg51\OneDrive\Desktop\KKuTu\Server\lib\Game\kkutu.js:1457:2)
    at exports.Room.my.roundEnd (C:\Users\kbg51\OneDrive\Desktop\KKuTu\Server\lib\Game\kkutu.js:1263:9)
    at exports.Room.my.go (C:\Users\kbg51\OneDrive\Desktop\KKuTu\Server\lib\Game\kkutu.js:988:10)
    at exports.Client.my.leave (C:\Users\kbg51\OneDrive\Desktop\KKuTu\Server\lib\Game\kkutu.js:631:19)
    at Object.KKuTu.onClientMessage (C:\Users\kbg51\OneDrive\Desktop\KKuTu\Server\lib\Game\slave.js:292:7)
    at WebSocket.<anonymous> (C:\Users\kbg51\OneDrive\Desktop\KKuTu\Server\lib\Game\kkutu.js:297:11)
    at WebSocket.emit (events.js:314:20)
    at Receiver._receiver.onmessage (C:\Users\kbg51\OneDrive\Desktop\KKuTu\Server\lib\node_modules\ws\lib\WebSocket.js:143:47)
    at Receiver.dataMessage (C:\Users\kbg51\OneDrive\Desktop\KKuTu\Server\lib\node_modules\ws\lib\Receiver.js:389:14)
    at Receiver.getData (C:\Users\kbg51\OneDrive\Desktop\KKuTu\Server\lib\node_modules\ws\lib\Receiver.js:330:12):8496 [2025-12-29 7:41:19 ├F10: PM┤] ERROR: ReferenceError: check_word is not defined
ReferenceError: check_word is not defined
    at onDB (C:\Users\kbg51\OneDrive\Desktop\KKuTu\Server\lib\Game\games\classic.js:292:13)
    at callback (C:\Users\kbg51\OneDrive\Desktop\KKuTu\Server\lib\sub\collection.js:316:13)
    at Query.preCB (C:\Users\kbg51\OneDrive\Desktop\KKuTu\Server\lib\sub\collection.js:298:6)
    at Query.handleReadyForQuery (C:\Users\kbg51\OneDrive\Desktop\KKuTu\Server\lib\node_modules\pg\lib\query.js:138:12)
    at Client._handleReadyForQuery (C:\Users\kbg51\OneDrive\Desktop\KKuTu\Server\lib\node_modules\pg\lib\client.js:290:19)
    at Connection.emit (events.js:314:20)
    at C:\Users\kbg51\OneDrive\Desktop\KKuTu\Server\lib\node_modules\pg\lib\connection.js:114:12
    at Parser.parse (C:\Users\kbg51\OneDrive\Desktop\KKuTu\Server\lib\node_modules\pg-protocol\dist\parser.js:40:17)
    at Socket.<anonymous> (C:\Users\kbg51\OneDrive\Desktop\KKuTu\Server\lib\node_modules\pg-protocol\dist\index.js:11:42)
    at Socket.emit (events.js:314:20):8496 [2025-12-29 7:41:27 ├F10: PM┤] ERROR: ReferenceError: opts is not defined
ReferenceError: opts is not defined
    at getRewards (C:\Users\kbg51\OneDrive\Desktop\KKuTu\Server\lib\Game\kkutu.js:1457:2)
    at exports.Room.my.roundEnd (C:\Users\kbg51\OneDrive\Desktop\KKuTu\Server\lib\Game\kkutu.js:1263:9)
    at exports.Room.my.go (C:\Users\kbg51\OneDrive\Desktop\KKuTu\Server\lib\Game\kkutu.js:988:10)
    at exports.Client.my.leave (C:\Users\kbg51\OneDrive\Desktop\KKuTu\Server\lib\Game\kkutu.js:631:19)
    at Object.KKuTu.onClientMessage (C:\Users\kbg51\OneDrive\Desktop\KKuTu\Server\lib\Game\slave.js:292:7)
    at WebSocket.<anonymous> (C:\Users\kbg51\OneDrive\Desktop\KKuTu\Server\lib\Game\kkutu.js:297:11)
    at WebSocket.emit (events.js:314:20)
    at Receiver._receiver.onmessage (C:\Users\kbg51\OneDrive\Desktop\KKuTu\Server\lib\node_modules\ws\lib\WebSocket.js:143:47)
    at Receiver.dataMessage (C:\Users\kbg51\OneDrive\Desktop\KKuTu\Server\lib\node_modules\ws\lib\Receiver.js:389:14)
    at Receiver.getData (C:\Users\kbg51\OneDrive\Desktop\KKuTu\Server\lib\node_modules\ws\lib\Receiver.js:330:12):8496 [2025-12-29 8:49:43 ├F10: PM┤] ERROR: TypeError: my.getLevel is not a function
TypeError: my.getLevel is not a function
    at exports.Client.my.enter (C:\Users\kbg51\OneDrive\Desktop\KKuTu\Server\lib\Game\kkutu.js:620:32)
    at C:\Users\kbg51\OneDrive\Desktop\KKuTu\Server\lib\Game\slave.js:167:8
    at exports.Tail.then (C:\Users\kbg51\OneDrive\Desktop\KKuTu\Server\lib\sub\lizard.js:50:8)
    at C:\Users\kbg51\OneDrive\Desktop\KKuTu\Server\lib\Game\slave.js:162:16
    at callback (C:\Users\kbg51\OneDrive\Desktop\KKuTu\Server\lib\sub\collection.js:316:13)
    at Query.preCB (C:\Users\kbg51\OneDrive\Desktop\KKuTu\Server\lib\sub\collection.js:298:6)
    at Query.handleReadyForQuery (C:\Users\kbg51\OneDrive\Desktop\KKuTu\Server\lib\node_modules\pg\lib\query.js:138:12)
    at Client._handleReadyForQuery (C:\Users\kbg51\OneDrive\Desktop\KKuTu\Server\lib\node_modules\pg\lib\client.js:290:19)
    at Connection.emit (events.js:314:20)
    at C:\Users\kbg51\OneDrive\Desktop\KKuTu\Server\lib\node_modules\pg\lib\connection.js:114:12:8496 [2025-12-30 2:41:03 ├F10: PM┤] ERROR: TypeError: Cannot read property '_id' of null
TypeError: Cannot read property '_id' of null
    at C:\Users\kbg51\OneDrive\Desktop\KKuTu\Server\lib\Game\games\moqwi.js:62:27
    at exports.Tail.go (C:\Users\kbg51\OneDrive\Desktop\KKuTu\Server\lib\sub\lizard.js:43:16)
    at C:\Users\kbg51\OneDrive\Desktop\KKuTu\Server\lib\Game\games\moqwi.js:249:21
    at callback (C:\Users\kbg51\OneDrive\Desktop\KKuTu\Server\lib\sub\collection.js:316:13)
    at Query.preCB (C:\Users\kbg51\OneDrive\Desktop\KKuTu\Server\lib\sub\collection.js:298:6)
    at Query.handleReadyForQuery (C:\Users\kbg51\OneDrive\Desktop\KKuTu\Server\lib\node_modules\pg\lib\query.js:138:12)
    at Client._handleReadyForQuery (C:\Users\kbg51\OneDrive\Desktop\KKuTu\Server\lib\node_modules\pg\lib\client.js:290:19)
    at Connection.emit (events.js:314:20)
    at C:\Users\kbg51\OneDrive\Desktop\KKuTu\Server\lib\node_modules\pg\lib\connection.js:114:12
    at Parser.parse (C:\Users\kbg51\OneDrive\Desktop\KKuTu\Server\lib\node_modules\pg-protocol\dist\parser.js:40:17):8496 [2025-12-30 5:06:32 ├F10: PM┤] ERROR: TypeError: Cannot read property '_id' of null
TypeError: Cannot read property '_id' of null
    at C:\Users\kbg51\OneDrive\Desktop\KKuTu\Server\lib\Game\games\moqwi.js:62:27
    at exports.Tail.go (C:\Users\kbg51\OneDrive\Desktop\KKuTu\Server\lib\sub\lizard.js:43:16)
    at C:\Users\kbg51\OneDrive\Desktop\KKuTu\Server\lib\Game\games\moqwi.js:249:21
    at callback (C:\Users\kbg51\OneDrive\Desktop\KKuTu\Server\lib\sub\collection.js:316:13)
    at Query.preCB (C:\Users\kbg51\OneDrive\Desktop\KKuTu\Server\lib\sub\collection.js:298:6)
    at Query.handleReadyForQuery (C:\Users\kbg51\OneDrive\Desktop\KKuTu\Server\lib\node_modules\pg\lib\query.js:138:12)
    at Client._handleReadyForQuery (C:\Users\kbg51\OneDrive\Desktop\KKuTu\Server\lib\node_modules\pg\lib\client.js:290:19)
    at Connection.emit (events.js:314:20)
    at C:\Users\kbg51\OneDrive\Desktop\KKuTu\Server\lib\node_modules\pg\lib\connection.js:114:12
    at Parser.parse (C:\Users\kbg51\OneDrive\Desktop\KKuTu\Server\lib\node_modules\pg-protocol\dist\parser.js:40:17):8496 [2025-12-30 5:06:33 ├F10: PM┤] ERROR: TypeError: Cannot read property 'handleCommandComplete' of null
TypeError: Cannot read property 'handleCommandComplete' of null
    at Client._handleCommandComplete (C:\Users\kbg51\OneDrive\Desktop\KKuTu\Server\lib\node_modules\pg\lib\client.js:360:22)
    at Connection.emit (events.js:314:20)
    at C:\Users\kbg51\OneDrive\Desktop\KKuTu\Server\lib\node_modules\pg\lib\connection.js:114:12
    at Parser.parse (C:\Users\kbg51\OneDrive\Desktop\KKuTu\Server\lib\node_modules\pg-protocol\dist\parser.js:40:17)
    at Socket.<anonymous> (C:\Users\kbg51\OneDrive\Desktop\KKuTu\Server\lib\node_modules\pg-protocol\dist\index.js:11:42)
    at Socket.emit (events.js:314:20)
    at addChunk (_stream_readable.js:297:12)
    at readableAddChunk (_stream_readable.js:272:9)
    at Socket.Readable.push (_stream_readable.js:213:10)
    at TCP.onStreamRead (internal/stream_base_commons.js:188:23):8496 [2025-12-30 5:06:38 ├F10: PM┤] ERROR: TypeError: Cannot read property 'handleCommandComplete' of null
TypeError: Cannot read property 'handleCommandComplete' of null
    at Client._handleCommandComplete (C:\Users\kbg51\OneDrive\Desktop\KKuTu\Server\lib\node_modules\pg\lib\client.js:360:22)
    at Connection.emit (events.js:314:20)
    at C:\Users\kbg51\OneDrive\Desktop\KKuTu\Server\lib\node_modules\pg\lib\connection.js:114:12
    at Parser.parse (C:\Users\kbg51\OneDrive\Desktop\KKuTu\Server\lib\node_modules\pg-protocol\dist\parser.js:40:17)
    at Socket.<anonymous> (C:\Users\kbg51\OneDrive\Desktop\KKuTu\Server\lib\node_modules\pg-protocol\dist\index.js:11:42)
    at Socket.emit (events.js:314:20)
    at addChunk (_stream_readable.js:297:12)
    at readableAddChunk (_stream_readable.js:272:9)
    at Socket.Readable.push (_stream_readable.js:213:10)
    at TCP.onStreamRead (internal/stream_base_commons.js:188:23)